d:\c++\template-render\templaterender\debug\functions.xdc
d:\c++\template-render\templaterender\debug\parser.xdc
d:\c++\template-render\templaterender\debug\templaterender.xdc
d:\c++\template-render\templaterender\debug\datamanager.xdc
d:\c++\template-render\templaterender\debug\dataobject.xdc
d:\c++\template-render\templaterender\debug\appstart.xdc
d:\c++\template-render\templaterender\debug\appstart.obj
d:\c++\template-render\templaterender\debug\dataobject.obj
d:\c++\template-render\templaterender\debug\datamanager.obj
d:\c++\template-render\templaterender\debug\templaterender.obj
d:\c++\template-render\templaterender\debug\parser.obj
d:\c++\template-render\templaterender\debug\functions.obj
d:\c++\template-render\templaterender\debug\vc141.pdb
d:\c++\template-render\debug\templaterender.exe
d:\c++\template-render\debug\templaterender.ilk
d:\c++\template-render\debug\templaterender.pdb
d:\c++\template-render\debug\templaterender.xml
d:\c++\template-render\templaterender\debug\vc141.idb
d:\c++\template-render\templaterender\debug\templaterender.tlog\cl.command.1.tlog
d:\c++\template-render\templaterender\debug\templaterender.tlog\cl.read.1.tlog
d:\c++\template-render\templaterender\debug\templaterender.tlog\cl.write.1.tlog
d:\c++\template-render\templaterender\debug\templaterender.tlog\link.command.1.tlog
d:\c++\template-render\templaterender\debug\templaterender.tlog\link.read.1.tlog
d:\c++\template-render\templaterender\debug\templaterender.tlog\link.write.1.tlog
d:\c++\template-render\templaterender\debug\templaterender.tlog\xdcmake.command.1.tlog
d:\c++\template-render\templaterender\debug\templaterender.tlog\xdcmake.read.1.tlog
d:\c++\template-render\templaterender\debug\templaterender.tlog\xdcmake.write.1.tlog
